Performing C SOURCE FILE Test CMAKE_HAVE_LIBC_PTHREAD failed with the following output:
Change Dir: /home/robot/workspaces/planar_robot_ws/build/CMakeFiles/CMakeTmp

Run Build Command(s):/usr/bin/make cmTC_5791d/fast && /usr/bin/make  -f CMakeFiles/cmTC_5791d.dir/build.make CMakeFiles/cmTC_5791d.dir/build
make[1]: Entering directory '/home/robot/workspaces/planar_robot_ws/build/CMakeFiles/CMakeTmp'
Building C object CMakeFiles/cmTC_5791d.dir/src.c.o
/usr/bin/cc   -DCMAKE_HAVE_LIBC_PTHREAD   -o CMakeFiles/cmTC_5791d.dir/src.c.o   -c /home/robot/workspaces/planar_robot_ws/build/CMakeFiles/CMakeTmp/src.c
Linking C executable cmTC_5791d
/usr/local/bin/cmake -E cmake_link_script CMakeFiles/cmTC_5791d.dir/link.txt --verbose=1
/usr/bin/cc  -DCMAKE_HAVE_LIBC_PTHREAD    -rdynamic CMakeFiles/cmTC_5791d.dir/src.c.o  -o cmTC_5791d 
CMakeFiles/cmTC_5791d.dir/src.c.o: In function `main':
src.c:(.text+0x3c): undefined reference to `pthread_create'
src.c:(.text+0x48): undefined reference to `pthread_detach'
src.c:(.text+0x54): undefined reference to `pthread_cancel'
src.c:(.text+0x65): undefined reference to `pthread_join'
src.c:(.text+0x79): undefined reference to `pthread_atfork'
collect2: error: ld returned 1 exit status
CMakeFiles/cmTC_5791d.dir/build.make:106: recipe for target 'cmTC_5791d' failed
make[1]: *** [cmTC_5791d] Error 1
make[1]: Leaving directory '/home/robot/workspaces/planar_robot_ws/build/CMakeFiles/CMakeTmp'
Makefile:141: recipe for target 'cmTC_5791d/fast' failed
make: *** [cmTC_5791d/fast] Error 2


Source file was:
#include <pthread.h>

void* test_func(void* data)
{
  return data;
}

int main(void)
{
  pthread_t thread;
  pthread_create(&thread, NULL, test_func, NULL);
  pthread_detach(thread);
  pthread_cancel(thread);
  pthread_join(thread, NULL);
  pthread_atfork(NULL, NULL, NULL);
  pthread_exit(NULL);

  return 0;
}

Determining if the function pthread_create exists in the pthreads failed with the following output:
Change Dir: /home/robot/workspaces/planar_robot_ws/build/CMakeFiles/CMakeTmp

Run Build Command(s):/usr/bin/make cmTC_70b3b/fast && /usr/bin/make  -f CMakeFiles/cmTC_70b3b.dir/build.make CMakeFiles/cmTC_70b3b.dir/build
make[1]: Entering directory '/home/robot/workspaces/planar_robot_ws/build/CMakeFiles/CMakeTmp'
Building C object CMakeFiles/cmTC_70b3b.dir/CheckFunctionExists.c.o
/usr/bin/cc   -DCHECK_FUNCTION_EXISTS=pthread_create   -o CMakeFiles/cmTC_70b3b.dir/CheckFunctionExists.c.o   -c /usr/local/share/cmake-3.17/Modules/CheckFunctionExists.c
Linking C executable cmTC_70b3b
/usr/local/bin/cmake -E cmake_link_script CMakeFiles/cmTC_70b3b.dir/link.txt --verbose=1
/usr/bin/cc  -DCHECK_FUNCTION_EXISTS=pthread_create    -rdynamic CMakeFiles/cmTC_70b3b.dir/CheckFunctionExists.c.o  -o cmTC_70b3b  -lpthreads 
/usr/bin/ld: cannot find -lpthreads
collect2: error: ld returned 1 exit status
CMakeFiles/cmTC_70b3b.dir/build.make:106: recipe for target 'cmTC_70b3b' failed
make[1]: *** [cmTC_70b3b] Error 1
make[1]: Leaving directory '/home/robot/workspaces/planar_robot_ws/build/CMakeFiles/CMakeTmp'
Makefile:141: recipe for target 'cmTC_70b3b/fast' failed
make: *** [cmTC_70b3b/fast] Error 2



